#! /c/Source/iverilog-install/bin/vvp
:ivl_version "12.0 (devel)" "(s20150603-1110-g18392a46)";
:ivl_delay_selection "TYPICAL";
:vpi_time_precision - 12;
:vpi_module "D:\iverilog\lib\ivl\system.vpi";
:vpi_module "D:\iverilog\lib\ivl\vhdl_sys.vpi";
:vpi_module "D:\iverilog\lib\ivl\vhdl_textio.vpi";
:vpi_module "D:\iverilog\lib\ivl\v2005_math.vpi";
:vpi_module "D:\iverilog\lib\ivl\va_math.vpi";
S_0000019617003170 .scope module, "pid_tb" "pid_tb" 2 23;
 .timescale -9 -12;
P_0000019616fee040 .param/l "CLK_VAL_MHZ" 0 2 26, +C4<00000000000000000000000000110010>;
P_0000019616fee078 .param/l "PERIOD" 0 2 25, +C4<00000000000000000000000000001010>;
P_0000019616fee0b0 .param/l "VAL_LENGTH" 0 2 27, +C4<00000000000000000000000000100000>;
v0000019617079170_0 .var/s "current_value", 31 0;
v0000019617078b30_0 .var/s "dif_max", 31 0;
v0000019617078270_0 .var/s "dif_min", 31 0;
v0000019617079030_0 .var/s "int_max", 31 0;
v00000196170792b0_0 .var/s "int_min", 31 0;
v0000019617078310_0 .var/s "kd", 31 0;
v00000196170783b0_0 .var/s "ki", 31 0;
v0000019617079350_0 .var/s "kp", 31 0;
v00000196170784f0_0 .net/s "pid_out", 31 0, L_000001961707aa00;  1 drivers
v0000019617078630_0 .var/i "stage", 31 0;
v00000196170786d0_0 .var "sys_clk", 0 0;
v0000019617078bd0_0 .var "sys_rst_n", 0 0;
v00000196170790d0_0 .var/s "target", 31 0;
v0000019617078c70_0 .var/s "uk_max", 31 0;
v0000019617078e50_0 .var/s "uk_min", 31 0;
E_0000019616fedbd0 .event posedge, v0000019616ff40d0_0;
S_0000019617003300 .scope module, "u_pid_top_inst" "pid_top" 2 89, 3 7 0, S_0000019617003170;
 .timescale -9 -12;
    .port_info 0 /INPUT 1 "sys_clk";
    .port_info 1 /INPUT 1 "sys_rst_n";
    .port_info 2 /INPUT 32 "target";
    .port_info 3 /INPUT 32 "current_value";
    .port_info 4 /INPUT 32 "int_max";
    .port_info 5 /INPUT 32 "int_min";
    .port_info 6 /INPUT 32 "dif_max";
    .port_info 7 /INPUT 32 "dif_min";
    .port_info 8 /INPUT 32 "uk_max";
    .port_info 9 /INPUT 32 "uk_min";
    .port_info 10 /INPUT 32 "kp";
    .port_info 11 /INPUT 32 "ki";
    .port_info 12 /INPUT 32 "kd";
    .port_info 13 /OUTPUT 32 "pid_out";
P_0000019617009f30 .param/l "CLK_VAL_MHZ" 0 3 8, +C4<00000000000000000000000000110010>;
P_0000019617009f68 .param/l "VAL_LENGTH" 0 3 9, +C4<00000000000000000000000000100000>;
v0000019617078770_0 .net/s "current_value", 31 0, v0000019617079170_0;  1 drivers
v00000196170788b0_0 .net/s "dif_max", 31 0, v0000019617078b30_0;  1 drivers
v0000019617079670_0 .net/s "dif_min", 31 0, v0000019617078270_0;  1 drivers
v0000019617079b70_0 .net/s "dif_value", 31 0, L_000001961707a8c0;  1 drivers
v0000019617079490_0 .net/s "ek0", 31 0, L_0000019617079210;  1 drivers
v0000019617078db0_0 .net/s "ek1", 31 0, v0000019616ff4c10_0;  1 drivers
v0000019617079a30_0 .net/s "int_max", 31 0, v0000019617079030_0;  1 drivers
v0000019617078950_0 .net/s "int_min", 31 0, v00000196170792b0_0;  1 drivers
v0000019617078ef0_0 .net/s "int_value", 31 0, L_000001961707bea0;  1 drivers
v0000019617079cb0_0 .net/s "kd", 31 0, v0000019617078310_0;  1 drivers
v0000019617079d50_0 .net/s "ki", 31 0, v00000196170783b0_0;  1 drivers
v00000196170795d0_0 .net/s "kp", 31 0, v0000019617079350_0;  1 drivers
v0000019617078450_0 .net/s "pid_out", 31 0, L_000001961707aa00;  alias, 1 drivers
v00000196170789f0_0 .net "sys_clk", 0 0, v00000196170786d0_0;  1 drivers
v0000019617079e90_0 .net "sys_rst_n", 0 0, v0000019617078bd0_0;  1 drivers
v0000019617078130_0 .net/s "target", 31 0, v00000196170790d0_0;  1 drivers
v00000196170781d0_0 .net/s "uk_max", 31 0, v0000019617078c70_0;  1 drivers
v0000019617078f90_0 .net/s "uk_min", 31 0, v0000019617078e50_0;  1 drivers
S_0000019617003490 .scope module, "u_PID_error" "PID_error" 3 35, 4 4 0, S_0000019617003300;
 .timescale -9 -12;
    .port_info 0 /INPUT 1 "sys_clk";
    .port_info 1 /INPUT 1 "sys_rst_n";
    .port_info 2 /INPUT 32 "target";
    .port_info 3 /INPUT 32 "current_value";
    .port_info 4 /OUTPUT 32 "ek0";
    .port_info 5 /OUTPUT 32 "ek1";
P_0000019616fedc10 .param/l "VAL_LENGTH" 0 4 5, +C4<00000000000000000000000000100000>;
v0000019616ff48f0_0 .net/s "current_value", 31 0, v0000019617079170_0;  alias, 1 drivers
v0000019616ff4a30_0 .net/s "ek0", 31 0, L_0000019617079210;  alias, 1 drivers
v0000019616ff4c10_0 .var/s "ek1", 31 0;
v0000019616ff40d0_0 .net "sys_clk", 0 0, v00000196170786d0_0;  alias, 1 drivers
v0000019616ff4670_0 .net "sys_rst_n", 0 0, v0000019617078bd0_0;  alias, 1 drivers
v0000019616ff4b70_0 .net/s "target", 31 0, v00000196170790d0_0;  alias, 1 drivers
E_0000019616fedd10/0 .event negedge, v0000019616ff4670_0;
E_0000019616fedd10/1 .event posedge, v0000019616ff40d0_0;
E_0000019616fedd10 .event/or E_0000019616fedd10/0, E_0000019616fedd10/1;
L_0000019617079210 .arith/sub 32, v00000196170790d0_0, v0000019617079170_0;
S_000001961700d8c0 .scope module, "u_PID_incr_value" "PID_incr_value" 3 47, 5 4 0, S_0000019617003300;
 .timescale -9 -12;
    .port_info 0 /INPUT 1 "sys_clk";
    .port_info 1 /INPUT 1 "sys_rst_n";
    .port_info 2 /INPUT 32 "ek0";
    .port_info 3 /INPUT 32 "ek1";
    .port_info 4 /INPUT 32 "int_max";
    .port_info 5 /INPUT 32 "int_min";
    .port_info 6 /INPUT 32 "dif_max";
    .port_info 7 /INPUT 32 "dif_min";
    .port_info 8 /OUTPUT 32 "int_val_f";
    .port_info 9 /OUTPUT 32 "dif_val_f";
P_0000019616fedcd0 .param/l "VAL_LENGTH" 0 5 5, +C4<00000000000000000000000000100000>;
v0000019616ff4850_0 .net *"_ivl_0", 0 0, L_00000196170793f0;  1 drivers
v0000019616ff43f0_0 .net *"_ivl_10", 0 0, L_000001961707bcc0;  1 drivers
v0000019616ff3e50_0 .net *"_ivl_12", 0 0, L_000001961707b860;  1 drivers
v0000019616ff4990_0 .net *"_ivl_14", 31 0, L_000001961707b540;  1 drivers
v0000019616ff4ad0_0 .net *"_ivl_2", 0 0, L_000001961707a820;  1 drivers
v0000019616ff3d10_0 .net *"_ivl_4", 31 0, L_000001961707ba40;  1 drivers
v0000019616ff3db0_0 .net/s "dif_max", 31 0, v0000019617078b30_0;  alias, 1 drivers
v0000019616ff3ef0_0 .net/s "dif_min", 31 0, v0000019617078270_0;  alias, 1 drivers
v0000019616ff3f90_0 .net/s "dif_val", 31 0, L_000001961707bc20;  1 drivers
v0000019616ff4030_0 .net/s "dif_val_f", 31 0, L_000001961707a8c0;  alias, 1 drivers
v0000019616ff4490_0 .net/s "ek0", 31 0, L_0000019617079210;  alias, 1 drivers
v0000019616ff4210_0 .net/s "ek1", 31 0, v0000019616ff4c10_0;  alias, 1 drivers
v0000019616ff4170_0 .net/s "int_max", 31 0, v0000019617079030_0;  alias, 1 drivers
v0000019616ff42b0_0 .net/s "int_min", 31 0, v00000196170792b0_0;  alias, 1 drivers
v0000019616ff4530_0 .var/s "int_val", 31 0;
v0000019616ff45d0_0 .net/s "int_val_f", 31 0, L_000001961707bea0;  alias, 1 drivers
v0000019616ff4710_0 .net "sys_clk", 0 0, v00000196170786d0_0;  alias, 1 drivers
v0000019616ff47b0_0 .net "sys_rst_n", 0 0, v0000019617078bd0_0;  alias, 1 drivers
L_00000196170793f0 .cmp/gt.s 32, v0000019616ff4530_0, v0000019617079030_0;
L_000001961707a820 .cmp/gt.s 32, v00000196170792b0_0, v0000019616ff4530_0;
L_000001961707ba40 .functor MUXZ 32, v0000019616ff4530_0, v00000196170792b0_0, L_000001961707a820, C4<>;
L_000001961707bea0 .functor MUXZ 32, L_000001961707ba40, v0000019617079030_0, L_00000196170793f0, C4<>;
L_000001961707bc20 .arith/sub 32, L_0000019617079210, v0000019616ff4c10_0;
L_000001961707bcc0 .cmp/gt.s 32, L_000001961707bc20, v0000019617078b30_0;
L_000001961707b860 .cmp/gt.s 32, v0000019617078270_0, L_000001961707bc20;
L_000001961707b540 .functor MUXZ 32, L_000001961707bc20, v0000019617078270_0, L_000001961707b860, C4<>;
L_000001961707a8c0 .functor MUXZ 32, L_000001961707b540, v0000019617078b30_0, L_000001961707bcc0, C4<>;
S_0000019616cae230 .scope module, "u_PID_value" "PID_value" 3 63, 6 4 0, S_0000019617003300;
 .timescale -9 -12;
    .port_info 0 /INPUT 1 "sys_clk";
    .port_info 1 /INPUT 1 "sys_rst_n";
    .port_info 2 /INPUT 32 "err_val";
    .port_info 3 /INPUT 32 "int_val";
    .port_info 4 /INPUT 32 "dif_val";
    .port_info 5 /INPUT 32 "kp";
    .port_info 6 /INPUT 32 "ki";
    .port_info 7 /INPUT 32 "kd";
    .port_info 8 /INPUT 32 "uk_max";
    .port_info 9 /INPUT 32 "uk_min";
    .port_info 10 /OUTPUT 32 "uk";
P_0000019616fede10 .param/l "VAL_LENGTH" 0 6 5, +C4<00000000000000000000000000100000>;
v0000019617079850_0 .net *"_ivl_0", 0 0, L_000001961707bae0;  1 drivers
v00000196170797b0_0 .net *"_ivl_2", 0 0, L_000001961707a500;  1 drivers
v0000019617079710_0 .net *"_ivl_4", 31 0, L_000001961707b220;  1 drivers
v0000019617078d10_0 .net/s "dif_val", 31 0, L_000001961707a8c0;  alias, 1 drivers
v0000019617079f30_0 .net/s "err_val", 31 0, L_0000019617079210;  alias, 1 drivers
v0000019617079c10_0 .net/s "int_val", 31 0, L_000001961707bea0;  alias, 1 drivers
v0000019617078590_0 .net/s "kd", 31 0, v0000019617078310_0;  alias, 1 drivers
v0000019617078a90_0 .net/s "ki", 31 0, v00000196170783b0_0;  alias, 1 drivers
v0000019617078090_0 .net/s "kp", 31 0, v0000019617079350_0;  alias, 1 drivers
v0000019617079ad0_0 .net "sys_clk", 0 0, v00000196170786d0_0;  alias, 1 drivers
v00000196170798f0_0 .net "sys_rst_n", 0 0, v0000019617078bd0_0;  alias, 1 drivers
v0000019617079df0_0 .net/s "uk", 31 0, L_000001961707aa00;  alias, 1 drivers
v0000019617078810_0 .net/s "uk_max", 31 0, v0000019617078c70_0;  alias, 1 drivers
v0000019617079990_0 .net/s "uk_min", 31 0, v0000019617078e50_0;  alias, 1 drivers
v0000019617079530_0 .var/s "uk_w", 31 0;
L_000001961707bae0 .cmp/gt.s 32, v0000019617079530_0, v0000019617078c70_0;
L_000001961707a500 .cmp/gt.s 32, v0000019617078e50_0, v0000019617079530_0;
L_000001961707b220 .functor MUXZ 32, v0000019617079530_0, v0000019617078e50_0, L_000001961707a500, C4<>;
L_000001961707aa00 .functor MUXZ 32, L_000001961707b220, v0000019617078c70_0, L_000001961707bae0, C4<>;
    .scope S_0000019617003490;
T_0 ;
    %wait E_0000019616fedd10;
    %load/vec4 v0000019616ff4670_0;
    %nor/r;
    %flag_set/vec4 8;
    %jmp/0xz  T_0.0, 8;
    %pushi/vec4 0, 0, 32;
    %assign/vec4 v0000019616ff4c10_0, 0;
    %jmp T_0.1;
T_0.0 ;
    %load/vec4 v0000019616ff4a30_0;
    %assign/vec4 v0000019616ff4c10_0, 0;
T_0.1 ;
    %jmp T_0;
    .thread T_0;
    .scope S_000001961700d8c0;
T_1 ;
    %wait E_0000019616fedd10;
    %load/vec4 v0000019616ff47b0_0;
    %nor/r;
    %flag_set/vec4 8;
    %jmp/0xz  T_1.0, 8;
    %pushi/vec4 0, 0, 32;
    %assign/vec4 v0000019616ff4530_0, 0;
    %jmp T_1.1;
T_1.0 ;
    %load/vec4 v0000019616ff4530_0;
    %load/vec4 v0000019616ff4490_0;
    %add;
    %assign/vec4 v0000019616ff4530_0, 0;
T_1.1 ;
    %jmp T_1;
    .thread T_1;
    .scope S_0000019616cae230;
T_2 ;
    %wait E_0000019616fedd10;
    %load/vec4 v00000196170798f0_0;
    %nor/r;
    %flag_set/vec4 8;
    %jmp/0xz  T_2.0, 8;
    %pushi/vec4 0, 0, 32;
    %assign/vec4 v0000019617079530_0, 0;
    %jmp T_2.1;
T_2.0 ;
    %load/vec4 v0000019617079f30_0;
    %load/vec4 v0000019617078090_0;
    %mul;
    %load/vec4 v0000019617079c10_0;
    %load/vec4 v0000019617078a90_0;
    %mul;
    %add;
    %load/vec4 v0000019617078d10_0;
    %load/vec4 v0000019617078590_0;
    %mul;
    %add;
    %assign/vec4 v0000019617079530_0, 0;
T_2.1 ;
    %jmp T_2;
    .thread T_2;
    .scope S_0000019617003170;
T_3 ;
    %pushi/vec4 0, 0, 1;
    %store/vec4 v00000196170786d0_0, 0, 1;
    %pushi/vec4 0, 0, 1;
    %store/vec4 v0000019617078bd0_0, 0, 1;
    %pushi/vec4 0, 0, 32;
    %store/vec4 v00000196170790d0_0, 0, 32;
    %pushi/vec4 0, 0, 32;
    %store/vec4 v0000019617079170_0, 0, 32;
    %pushi/vec4 0, 0, 32;
    %store/vec4 v0000019617079030_0, 0, 32;
    %pushi/vec4 0, 0, 32;
    %store/vec4 v00000196170792b0_0, 0, 32;
    %pushi/vec4 0, 0, 32;
    %store/vec4 v0000019617078b30_0, 0, 32;
    %pushi/vec4 0, 0, 32;
    %store/vec4 v0000019617078270_0, 0, 32;
    %pushi/vec4 0, 0, 32;
    %store/vec4 v0000019617078c70_0, 0, 32;
    %pushi/vec4 0, 0, 32;
    %store/vec4 v0000019617078e50_0, 0, 32;
    %pushi/vec4 0, 0, 32;
    %store/vec4 v0000019617079350_0, 0, 32;
    %pushi/vec4 0, 0, 32;
    %store/vec4 v00000196170783b0_0, 0, 32;
    %pushi/vec4 0, 0, 32;
    %store/vec4 v0000019617078310_0, 0, 32;
    %pushi/vec4 0, 0, 32;
    %store/vec4 v0000019617078630_0, 0, 32;
    %end;
    .thread T_3;
    .scope S_0000019617003170;
T_4 ;
T_4.0 ;
    %delay 5000, 0;
    %load/vec4 v00000196170786d0_0;
    %inv;
    %store/vec4 v00000196170786d0_0, 0, 1;
    %jmp T_4.0;
    %end;
    .thread T_4;
    .scope S_0000019617003170;
T_5 ;
    %wait E_0000019616fedbd0;
    %load/vec4 v0000019617078630_0;
    %dup/vec4;
    %pushi/vec4 0, 0, 32;
    %cmp/u;
    %jmp/1 T_5.0, 6;
    %dup/vec4;
    %pushi/vec4 1, 0, 32;
    %cmp/u;
    %jmp/1 T_5.1, 6;
    %dup/vec4;
    %pushi/vec4 2, 0, 32;
    %cmp/u;
    %jmp/1 T_5.2, 6;
    %pushi/vec4 0, 0, 32;
    %store/vec4 v0000019617078630_0, 0, 32;
    %jmp T_5.4;
T_5.0 ;
    %pushi/vec4 0, 0, 1;
    %store/vec4 v0000019617078bd0_0, 0, 1;
    %pushi/vec4 1357000, 0, 32;
    %store/vec4 v00000196170790d0_0, 0, 32;
    %pushi/vec4 50000, 0, 32;
    %store/vec4 v0000019617079030_0, 0, 32;
    %pushi/vec4 4294917296, 0, 32;
    %store/vec4 v00000196170792b0_0, 0, 32;
    %pushi/vec4 20000, 0, 32;
    %store/vec4 v0000019617078b30_0, 0, 32;
    %pushi/vec4 4294947296, 0, 32;
    %store/vec4 v0000019617078270_0, 0, 32;
    %pushi/vec4 2500000, 0, 32;
    %store/vec4 v0000019617078c70_0, 0, 32;
    %pushi/vec4 500000, 0, 32;
    %store/vec4 v0000019617078e50_0, 0, 32;
    %pushi/vec4 1, 0, 32;
    %store/vec4 v0000019617079350_0, 0, 32;
    %pushi/vec4 3, 0, 32;
    %store/vec4 v00000196170783b0_0, 0, 32;
    %pushi/vec4 2, 0, 32;
    %store/vec4 v0000019617078310_0, 0, 32;
    %pushi/vec4 1, 0, 32;
    %store/vec4 v0000019617078630_0, 0, 32;
    %jmp T_5.4;
T_5.1 ;
    %pushi/vec4 1, 0, 1;
    %store/vec4 v0000019617078bd0_0, 0, 1;
    %pushi/vec4 2, 0, 32;
    %store/vec4 v0000019617078630_0, 0, 32;
    %jmp T_5.4;
T_5.2 ;
    %load/vec4 v00000196170784f0_0;
    %pushi/vec4 1000, 0, 32;
    %div/s;
    %store/vec4 v0000019617079170_0, 0, 32;
    %pushi/vec4 2, 0, 32;
    %store/vec4 v0000019617078630_0, 0, 32;
    %jmp T_5.4;
T_5.4 ;
    %pop/vec4 1;
    %jmp T_5;
    .thread T_5;
    .scope S_0000019617003170;
T_6 ;
    %vpi_call 2 108 "$dumpfile", "pid_tb.vcd" {0 0 0};
    %vpi_call 2 109 "$dumpvars" {0 0 0};
    %delay 1000000, 0;
    %vpi_call 2 111 "$finish" {0 0 0};
    %vpi_call 2 112 "$stop" {0 0 0};
    %end;
    .thread T_6;
# The file index is used to find the file name in the following table.
:file_names 7;
    "N/A";
    "<interactive>";
    "pid_tb.v";
    "././pid_top.v";
    "./pid_error.v";
    "./pid_inc_value.v";
    "./pid_value.v";
