#! /c/Source/iverilog-install/bin/vvp
:ivl_version "12.0 (devel)" "(s20150603-1110-g18392a46)";
:ivl_delay_selection "TYPICAL";
:vpi_time_precision - 12;
:vpi_module "D:\iverilog\lib\ivl\system.vpi";
:vpi_module "D:\iverilog\lib\ivl\vhdl_sys.vpi";
:vpi_module "D:\iverilog\lib\ivl\vhdl_textio.vpi";
:vpi_module "D:\iverilog\lib\ivl\v2005_math.vpi";
:vpi_module "D:\iverilog\lib\ivl\va_math.vpi";
S_0000024a644f92d0 .scope module, "pid_tim_tb" "pid_tim_tb" 2 4;
 .timescale -9 -12;
P_0000024a644c3310 .param/l "CLK_VAL_MHZ" 0 2 8, +C4<00000000000000000000000000110010>;
P_0000024a644c3348 .param/l "PERIOD" 0 2 7, +C4<00000000000000000000000000001010>;
v0000024a64551930_0 .var "ctrl_value", 15 0;
v0000024a645526f0_0 .var/i "i", 31 0;
v0000024a64552650_0 .net "pwm", 0 0, L_0000024a64552510;  1 drivers
v0000024a64551f70_0 .var/i "stage", 31 0;
v0000024a64552470_0 .var "sys_clk", 0 0;
v0000024a64552330_0 .var "sys_rst_n", 0 0;
E_0000024a644e8f10 .event posedge, v0000024a64551d90_0;
S_0000024a644f9460 .scope module, "u_pid_tim_inst" "pid_tim" 2 49, 3 5 0, S_0000024a644f92d0;
 .timescale -9 -12;
    .port_info 0 /INPUT 1 "sys_clk";
    .port_info 1 /INPUT 1 "sys_rst_n";
    .port_info 2 /INPUT 16 "ctrl_value";
    .port_info 3 /OUTPUT 1 "pwm";
P_0000024a644c3530 .param/l "CLK_VAL_MHZ" 0 3 6, +C4<00000000000000000000000000110010>;
P_0000024a644c3568 .param/l "MAX_VAL" 1 3 13, +C4<00000000000011110100001001000000>;
L_0000024a64552858 .functor BUFT 1, C4<0000000000000000>, C4<0>, C4<0>, C4<0>;
v0000024a645ebf00_0 .net/2u *"_ivl_0", 15 0, L_0000024a64552858;  1 drivers
v0000024a645ebfa0_0 .net *"_ivl_4", 0 0, L_0000024a64551e30;  1 drivers
L_0000024a645528a0 .functor BUFT 1, C4<1>, C4<0>, C4<0>, C4<0>;
v0000024a644c3120_0 .net/2u *"_ivl_6", 0 0, L_0000024a645528a0;  1 drivers
L_0000024a645528e8 .functor BUFT 1, C4<0>, C4<0>, C4<0>, C4<0>;
v0000024a645ec220_0 .net/2u *"_ivl_8", 0 0, L_0000024a645528e8;  1 drivers
v0000024a645ec2c0_0 .var "cnt", 31 0;
v0000024a644f95f0_0 .net "ctrl_value", 15 0, v0000024a64551930_0;  1 drivers
v0000024a644f9690_0 .net "ctrl_value_extend", 31 0, L_0000024a645520b0;  1 drivers
v0000024a645ec4c0_0 .var "div_clk", 0 0;
v0000024a645523d0_0 .var "div_cnt", 7 0;
v0000024a645525b0_0 .net "pwm", 0 0, L_0000024a64552510;  alias, 1 drivers
v0000024a64551d90_0 .net "sys_clk", 0 0, v0000024a64552470_0;  1 drivers
v0000024a64551c50_0 .net "sys_rst_n", 0 0, v0000024a64552330_0;  1 drivers
E_0000024a644e89d0/0 .event negedge, v0000024a64551c50_0;
E_0000024a644e89d0/1 .event posedge, v0000024a64551d90_0;
E_0000024a644e89d0 .event/or E_0000024a644e89d0/0, E_0000024a644e89d0/1;
L_0000024a645520b0 .concat [ 16 16 0 0], v0000024a64551930_0, L_0000024a64552858;
L_0000024a64551e30 .cmp/ge 32, L_0000024a645520b0, v0000024a645ec2c0_0;
L_0000024a64552510 .functor MUXZ 1, L_0000024a645528e8, L_0000024a645528a0, L_0000024a64551e30, C4<>;
    .scope S_0000024a644f9460;
T_0 ;
    %wait E_0000024a644e89d0;
    %load/vec4 v0000024a64551c50_0;
    %nor/r;
    %flag_set/vec4 8;
    %jmp/0xz  T_0.0, 8;
    %pushi/vec4 0, 0, 8;
    %assign/vec4 v0000024a645523d0_0, 0;
    %pushi/vec4 0, 0, 1;
    %assign/vec4 v0000024a645ec4c0_0, 0;
    %jmp T_0.1;
T_0.0 ;
    %load/vec4 v0000024a645523d0_0;
    %pad/u 32;
    %cmpi/u 50, 0, 32;
    %flag_inv 5; GE is !LT
    %jmp/0xz  T_0.2, 5;
    %pushi/vec4 0, 0, 8;
    %assign/vec4 v0000024a645523d0_0, 0;
    %pushi/vec4 1, 0, 1;
    %assign/vec4 v0000024a645ec4c0_0, 0;
    %jmp T_0.3;
T_0.2 ;
    %load/vec4 v0000024a645523d0_0;
    %addi 1, 0, 8;
    %assign/vec4 v0000024a645523d0_0, 0;
    %pushi/vec4 0, 0, 1;
    %assign/vec4 v0000024a645ec4c0_0, 0;
T_0.3 ;
T_0.1 ;
    %jmp T_0;
    .thread T_0;
    .scope S_0000024a644f9460;
T_1 ;
    %wait E_0000024a644e89d0;
    %load/vec4 v0000024a64551c50_0;
    %nor/r;
    %flag_set/vec4 8;
    %jmp/0xz  T_1.0, 8;
    %pushi/vec4 0, 0, 32;
    %assign/vec4 v0000024a645ec2c0_0, 0;
    %jmp T_1.1;
T_1.0 ;
    %load/vec4 v0000024a645ec2c0_0;
    %cmpi/u 1000000, 0, 32;
    %flag_inv 5; GE is !LT
    %jmp/0xz  T_1.2, 5;
    %pushi/vec4 0, 0, 32;
    %assign/vec4 v0000024a645ec2c0_0, 0;
    %jmp T_1.3;
T_1.2 ;
    %load/vec4 v0000024a645ec4c0_0;
    %flag_set/vec4 8;
    %jmp/0xz  T_1.4, 8;
    %load/vec4 v0000024a645ec2c0_0;
    %addi 1, 0, 32;
    %assign/vec4 v0000024a645ec2c0_0, 0;
    %jmp T_1.5;
T_1.4 ;
    %load/vec4 v0000024a645ec2c0_0;
    %assign/vec4 v0000024a645ec2c0_0, 0;
T_1.5 ;
T_1.3 ;
T_1.1 ;
    %jmp T_1;
    .thread T_1;
    .scope S_0000024a644f92d0;
T_2 ;
    %pushi/vec4 0, 0, 1;
    %store/vec4 v0000024a64552470_0, 0, 1;
    %pushi/vec4 0, 0, 1;
    %store/vec4 v0000024a64552330_0, 0, 1;
    %pushi/vec4 0, 0, 16;
    %store/vec4 v0000024a64551930_0, 0, 16;
    %pushi/vec4 0, 0, 32;
    %store/vec4 v0000024a64551f70_0, 0, 32;
    %pushi/vec4 0, 0, 32;
    %store/vec4 v0000024a645526f0_0, 0, 32;
    %end;
    .thread T_2;
    .scope S_0000024a644f92d0;
T_3 ;
T_3.0 ;
    %delay 5000, 0;
    %load/vec4 v0000024a64552470_0;
    %inv;
    %store/vec4 v0000024a64552470_0, 0, 1;
    %jmp T_3.0;
    %end;
    .thread T_3;
    .scope S_0000024a644f92d0;
T_4 ;
    %wait E_0000024a644e8f10;
    %load/vec4 v0000024a64551f70_0;
    %dup/vec4;
    %pushi/vec4 0, 0, 32;
    %cmp/u;
    %jmp/1 T_4.0, 6;
    %dup/vec4;
    %pushi/vec4 1, 0, 32;
    %cmp/u;
    %jmp/1 T_4.1, 6;
    %dup/vec4;
    %pushi/vec4 2, 0, 32;
    %cmp/u;
    %jmp/1 T_4.2, 6;
    %pushi/vec4 0, 0, 32;
    %store/vec4 v0000024a64551f70_0, 0, 32;
    %jmp T_4.4;
T_4.0 ;
    %pushi/vec4 0, 0, 1;
    %store/vec4 v0000024a64552330_0, 0, 1;
    %pushi/vec4 1500, 0, 16;
    %store/vec4 v0000024a64551930_0, 0, 16;
    %pushi/vec4 1, 0, 32;
    %store/vec4 v0000024a64551f70_0, 0, 32;
    %jmp T_4.4;
T_4.1 ;
    %pushi/vec4 1, 0, 1;
    %store/vec4 v0000024a64552330_0, 0, 1;
    %pushi/vec4 2, 0, 32;
    %store/vec4 v0000024a64551f70_0, 0, 32;
    %jmp T_4.4;
T_4.2 ;
    %pushi/vec4 2, 0, 32;
    %store/vec4 v0000024a64551f70_0, 0, 32;
    %jmp T_4.4;
T_4.4 ;
    %pop/vec4 1;
    %jmp T_4;
    .thread T_4;
    .scope S_0000024a644f92d0;
T_5 ;
    %vpi_call 2 59 "$dumpfile", "pwm_tb.vcd" {0 0 0};
    %vpi_call 2 60 "$dumpvars" {0 0 0};
    %pushi/vec4 0, 0, 32;
    %store/vec4 v0000024a645526f0_0, 0, 32;
T_5.0 ;
    %load/vec4 v0000024a645526f0_0;
    %cmpi/s 10, 0, 32;
    %jmp/0xz T_5.1, 5;
    %delay 1000000, 0;
    %load/vec4 v0000024a645526f0_0;
    %addi 1, 0, 32;
    %store/vec4 v0000024a645526f0_0, 0, 32;
    %jmp T_5.0;
T_5.1 ;
    %vpi_call 2 64 "$finish" {0 0 0};
    %vpi_call 2 65 "$stop" {0 0 0};
    %end;
    .thread T_5;
# The file index is used to find the file name in the following table.
:file_names 4;
    "N/A";
    "<interactive>";
    "pwm_tb.v";
    "./pid_tim.v";
