#-----------------------------------------------------------
# Vivado v2020.2 (64-bit)
# SW Build 3064766 on Wed Nov 18 09:12:45 MST 2020
# IP Build 3064653 on Wed Nov 18 14:17:31 MST 2020
# Start of session at: Thu Sep 29 16:33:12 2022
# Process ID: 6372
# Current directory: F:/Git_repository/OurEDA/OurEDA-P1K/Fpga/OurEDA-P1K_zynq
# Command line: vivado.exe -gui_launcher_event rodinguilauncherevent20248 F:\Git_repository\OurEDA\OurEDA-P1K\Fpga\OurEDA-P1K_zynq\OurEDA-P1K_zynq.xpr
# Log file: F:/Git_repository/OurEDA/OurEDA-P1K/Fpga/OurEDA-P1K_zynq/vivado.log
# Journal file: F:/Git_repository/OurEDA/OurEDA-P1K/Fpga/OurEDA-P1K_zynq\vivado.jou
#-----------------------------------------------------------
start_gui
open_project F:/Git_repository/OurEDA/OurEDA-P1K/Fpga/OurEDA-P1K_zynq/OurEDA-P1K_zynq.xpr
Scanning sources...
Finished scanning sources
INFO: [IP_Flow 19-234] Refreshing IP repositories
INFO: [IP_Flow 19-1704] No user IP repositories specified
INFO: [IP_Flow 19-2313] Loaded Vivado IP repository 'D:/xilinx/Vivado/2020.2/data/ip'.
open_project: Time (s): cpu = 00:00:15 ; elapsed = 00:00:07 . Memory (MB): peak = 1126.422 ; gain = 0.000
update_compile_order -fileset sources_1
close_project
create_project managed_ip_project F:/Git_repository/OurEDA/OurEDA-P1K/Fpga/managed_ip_project -part xc7z010clg400-1 -ip
INFO: [IP_Flow 19-234] Refreshing IP repositories
INFO: [IP_Flow 19-1704] No user IP repositories specified
INFO: [IP_Flow 19-2313] Loaded Vivado IP repository 'D:/xilinx/Vivado/2020.2/data/ip'.
set_property target_simulator XSim [current_project]
INFO: [IP_Flow 19-1839] IP Catalog is up to date.
create_peripheral xilinx.com user axi2uart 1.0 -dir F:/Git_repository/OurEDA/OurEDA-P1K/Fpga/managed_ip_project/../ip_repo
add_peripheral_interface S00_AXI -interface_mode slave -axi_type lite [ipx::find_open_core xilinx.com:user:axi2uart:1.0]
generate_peripheral -driver -bfm_example_design -enable_interrupt -debug_hw_example_design [ipx::find_open_core xilinx.com:user:axi2uart:1.0]
write_peripheral [ipx::find_open_core xilinx.com:user:axi2uart:1.0]
set_property  ip_repo_paths  F:/Git_repository/OurEDA/OurEDA-P1K/Fpga/managed_ip_project/../ip_repo/axi2uart_1.0 [current_project]
update_ip_catalog -rebuild
INFO: [IP_Flow 19-234] Refreshing IP repositories
INFO: [IP_Flow 19-1700] Loaded user IP repository 'f:/Git_repository/OurEDA/OurEDA-P1K/Fpga/ip_repo/axi2uart_1.0'.
ipx::edit_ip_in_project -upgrade true -name axi2uart_v1_0_project -directory F:/Git_repository/OurEDA/OurEDA-P1K/Fpga/managed_ip_project/managed_ip_project.tmp/axi2uart_v1_0_project f:/Git_repository/OurEDA/OurEDA-P1K/Fpga/ip_repo/axi2uart_1.0/component.xml
INFO: [ProjectBase 1-489] The host OS only allows 260 characters in a normal path. The project is stored in a path with more than 80 characters. If you experience issues with IP, Block Designs, or files not being found, please consider moving the project to a location with a shorter path. Alternately consider using the OS subst command to map part of the path to a drive letter.
Current project path is 'f:/git_repository/oureda/oureda-p1k/fpga/managed_ip_project/managed_ip_project.tmp/axi2uart_v1_0_project'
INFO: [IP_Flow 19-234] Refreshing IP repositories
INFO: [IP_Flow 19-1704] No user IP repositories specified
INFO: [IP_Flow 19-2313] Loaded Vivado IP repository 'D:/xilinx/Vivado/2020.2/data/ip'.
INFO: [IP_Flow 19-234] Refreshing IP repositories
INFO: [IP_Flow 19-1700] Loaded user IP repository 'f:/Git_repository/OurEDA/OurEDA-P1K/Fpga/ip_repo/axi2uart_1.0'.
INFO: [IP_Flow 19-795] Syncing license key meta-data
ipx::edit_ip_in_project: Time (s): cpu = 00:00:10 ; elapsed = 00:00:05 . Memory (MB): peak = 1242.207 ; gain = 0.000
update_compile_order -fileset sources_1
add_files -norecurse -copy_to f:/Git_repository/OurEDA/OurEDA-P1K/Fpga/ip_repo/axi2uart_1.0/src {F:/Git_repository/OurEDA/OurEDA-P1K/Core/SoC/Uart/uart_rx.v F:/Git_repository/OurEDA/OurEDA-P1K/Core/SoC/Uart/uart_tx.v F:/Git_repository/OurEDA/OurEDA-P1K/Core/SoC/Uart/uart_top.v F:/Git_repository/OurEDA/OurEDA-P1K/Core/SoC/Uart/control.v F:/Git_repository/OurEDA/OurEDA-P1K/Core/SoC/Uart/uart_clk_gen.v}
update_compile_order -fileset sources_1
ipx::unload_core f:/Git_repository/OurEDA/OurEDA-P1K/Fpga/ip_repo/axi2uart_1.0/component.xml
close_project
update_ip_catalog -delete_ip xilinx.com:user:axi2uart:1.0 -repo_path f:/Git_repository/OurEDA/OurEDA-P1K/Fpga/ip_repo/axi2uart_1.0
INFO: [IP_Flow 19-1659] Deleted IP 'xilinx.com:user:axi2uart:1.0' from repository 'f:/Git_repository/OurEDA/OurEDA-P1K/Fpga/ip_repo/axi2uart_1.0' at f:/Git_repository/OurEDA/OurEDA-P1K/Fpga/ip_repo/axi2uart_1.0.
INFO: [IP_Flow 19-725] Reloaded user IP repository 'f:/Git_repository/OurEDA/OurEDA-P1K/Fpga/ip_repo/axi2uart_1.0'
create_peripheral xilinx.com user axi2pwm_gpio 1.0 -dir F:/Git_repository/OurEDA/OurEDA-P1K/Fpga/managed_ip_project/../ip_repo
add_peripheral_interface S00_AXI -interface_mode slave -axi_type lite [ipx::find_open_core xilinx.com:user:axi2pwm_gpio:1.0]
generate_peripheral -driver -bfm_example_design -debug_hw_example_design [ipx::find_open_core xilinx.com:user:axi2pwm_gpio:1.0]
write_peripheral [ipx::find_open_core xilinx.com:user:axi2pwm_gpio:1.0]
set_property  ip_repo_paths  {F:/Git_repository/OurEDA/OurEDA-P1K/Fpga/managed_ip_project/../ip_repo/axi2pwm_gpio_1.0 F:/Git_repository/OurEDA/OurEDA-P1K/Fpga/ip_repo/axi2uart_1.0} [current_project]
update_ip_catalog -rebuild
INFO: [IP_Flow 19-234] Refreshing IP repositories
INFO: [IP_Flow 19-1700] Loaded user IP repository 'f:/Git_repository/OurEDA/OurEDA-P1K/Fpga/ip_repo/axi2pwm_gpio_1.0'.
INFO: [IP_Flow 19-1700] Loaded user IP repository 'f:/Git_repository/OurEDA/OurEDA-P1K/Fpga/ip_repo/axi2uart_1.0'.
ipx::edit_ip_in_project -upgrade true -name edit_axi2pwm_gpio_v1_0 -directory F:/Git_repository/OurEDA/OurEDA-P1K/Fpga/managed_ip_project/../ip_repo f:/Git_repository/OurEDA/OurEDA-P1K/Fpga/ip_repo/axi2pwm_gpio_1.0/component.xml
INFO: [IP_Flow 19-234] Refreshing IP repositories
INFO: [IP_Flow 19-1704] No user IP repositories specified
INFO: [IP_Flow 19-2313] Loaded Vivado IP repository 'D:/xilinx/Vivado/2020.2/data/ip'.
INFO: [IP_Flow 19-234] Refreshing IP repositories
INFO: [IP_Flow 19-1700] Loaded user IP repository 'f:/Git_repository/OurEDA/OurEDA-P1K/Fpga/ip_repo/axi2pwm_gpio_1.0'.
INFO: [IP_Flow 19-1700] Loaded user IP repository 'f:/Git_repository/OurEDA/OurEDA-P1K/Fpga/ip_repo/axi2uart_1.0'.
INFO: [IP_Flow 19-795] Syncing license key meta-data
current_project managed_ip_project
set_property  ip_repo_paths  f:/Git_repository/OurEDA/OurEDA-P1K/Fpga/ip_repo/axi2pwm_gpio_1.0 [current_project]
update_ip_catalog
INFO: [IP_Flow 19-234] Refreshing IP repositories
INFO: [IP_Flow 19-1700] Loaded user IP repository 'f:/Git_repository/OurEDA/OurEDA-P1K/Fpga/ip_repo/axi2pwm_gpio_1.0'.
current_project edit_axi2pwm_gpio_v1_0
add_files -norecurse -copy_to f:/Git_repository/OurEDA/OurEDA-P1K/Fpga/ip_repo/axi2pwm_gpio_1.0/src {F:/Git_repository/OurEDA/OurEDA-P1K/Core/SoC/Pwm/pwm.v F:/Git_repository/OurEDA/OurEDA-P1K/Core/SoC/Gpio/gpio.v}
update_compile_order -fileset sources_1
update_compile_order -fileset sources_1
close_project
exit
INFO: [Common 17-206] Exiting Vivado at Thu Sep 29 20:41:53 2022...
