Removed Pin From Net: NetName=Vplc Pin=C3-1
Removed Pin From Net: NetName=DGND Pin=C3-2
Removed Pin From Net: NetName=+24 Pin=E3-1
Removed Pin From Net: NetName=PGND Pin=E3-2
Removed Pin From Net: NetName=+24 Pin=E7-1
Removed Pin From Net: NetName=PGND Pin=E7-2
Removed Pin From Net: NetName=+5 Pin=E8-1
Removed Pin From Net: NetName=DGND Pin=E8-2
Removed Pin From Net: NetName=FPGA_TMS Pin=JP3-1
Removed Pin From Net: NetName=FPGA_TDI Pin=JP3-2
Removed Pin From Net: NetName=FPGA_TDO Pin=JP3-3
Removed Pin From Net: NetName=FPGA_TCK Pin=JP3-4
Removed Pin From Net: NetName=V13 Pin=JP9-3
Removed Pin From Net: NetName=H16 Pin=JP9-5
Removed Pin From Net: NetName=H17 Pin=JP9-6
Removed Pin From Net: NetName=T12 Pin=JP9-7
Removed Pin From Net: NetName=U12 Pin=JP9-8
Removed Pin From Net: NetName=P14 Pin=JP9-9
Removed Pin From Net: NetName=R14 Pin=JP9-12
Removed Pin From Net: NetName=M17 Pin=JP9-13
Removed Pin From Net: NetName=M18 Pin=JP9-14
Removed Pin From Net: NetName=U13 Pin=JP9-16
Removed Pin From Net: NetName=T15 Pin=JP9-17
Removed Pin From Net: NetName=T14 Pin=JP9-18
Removed Pin From Net: NetName=P16 Pin=JP9-19
Removed Pin From Net: NetName=P15 Pin=JP9-20
Removed Pin From Net: NetName=R18 Pin=JP9-21
Removed Pin From Net: NetName=T17 Pin=JP9-22
Removed Pin From Net: NetName=V13 Pin=R65-2
Removed Pin From Net: NetName=H16 Pin=R66-2
Removed Member From Class: ClassName=OurEDA-P1K_PowerManagement Member=C14
Removed Member From Class: ClassName=OurEDA-P1K_PowerManagement Member=E8
Change Component Footprint: Designator=E4 Old Footprint=CM D(6.3*5.4) New Footprint=CM B(4*5.4)
Change Component Footprint: Designator=E7 Old Footprint=CM D(6.3*5.4) New Footprint=CM B(4*5.4)
Change Component Comment : Designator=E4 Old Comment=100uF/16V New Comment=10uF/50V
Change Component Designator: OldDesignator=C4 NewDesignator=C3
Change Component Designator: OldDesignator=C5 NewDesignator=C4
Change Component Designator: OldDesignator=C6 NewDesignator=C5
Change Component Designator: OldDesignator=C7 NewDesignator=C6
Change Component Designator: OldDesignator=C8 NewDesignator=C7
Change Component Designator: OldDesignator=C9 NewDesignator=C8
Change Component Designator: OldDesignator=C10 NewDesignator=C9
Change Component Designator: OldDesignator=C11 NewDesignator=C10
Change Component Designator: OldDesignator=C12 NewDesignator=C11
Change Component Designator: OldDesignator=C13 NewDesignator=C12
Change Component Designator: OldDesignator=C14 NewDesignator=C13
Change Component Designator: OldDesignator=C15 NewDesignator=C14
Change Component Designator: OldDesignator=C16 NewDesignator=C15
Change Component Designator: OldDesignator=C17 NewDesignator=C16
Change Component Designator: OldDesignator=C18 NewDesignator=C17
Change Component Designator: OldDesignator=C19 NewDesignator=C18
Change Component Designator: OldDesignator=C20 NewDesignator=C19
Change Component Designator: OldDesignator=C21 NewDesignator=C20
Change Component Designator: OldDesignator=C22 NewDesignator=C21
Change Component Designator: OldDesignator=C23 NewDesignator=C22
Change Component Designator: OldDesignator=C24 NewDesignator=C23
Change Component Designator: OldDesignator=C25 NewDesignator=C24
Change Component Designator: OldDesignator=C26 NewDesignator=C25
Change Component Designator: OldDesignator=C27 NewDesignator=C26
Change Component Designator: OldDesignator=C28 NewDesignator=C27
Change Component Designator: OldDesignator=C29 NewDesignator=C28
Change Component Designator: OldDesignator=C30 NewDesignator=C29
Change Component Designator: OldDesignator=C31 NewDesignator=C30
Change Component Designator: OldDesignator=C32 NewDesignator=C31
Change Component Designator: OldDesignator=C33 NewDesignator=C32
Change Component Designator: OldDesignator=C34 NewDesignator=C33
Change Component Designator: OldDesignator=C35 NewDesignator=C34
Change Component Designator: OldDesignator=C36 NewDesignator=C35
Change Component Designator: OldDesignator=C37 NewDesignator=C36
Change Component Designator: OldDesignator=C38 NewDesignator=C37
Change Component Designator: OldDesignator=C39 NewDesignator=C38
Change Component Designator: OldDesignator=C40 NewDesignator=C39
Change Component Designator: OldDesignator=C41 NewDesignator=C40
Change Component Designator: OldDesignator=C42 NewDesignator=C41
Change Component Designator: OldDesignator=C43 NewDesignator=C42
Change Component Designator: OldDesignator=C44 NewDesignator=C43
Change Component Designator: OldDesignator=C45 NewDesignator=C44
Change Component Designator: OldDesignator=C46 NewDesignator=C45
Change Component Designator: OldDesignator=C47 NewDesignator=C46
Change Component Designator: OldDesignator=C48 NewDesignator=C47
Change Component Designator: OldDesignator=C49 NewDesignator=C48
Change Component Designator: OldDesignator=C50 NewDesignator=C49
Change Component Designator: OldDesignator=C51 NewDesignator=C50
Change Component Designator: OldDesignator=C52 NewDesignator=C51
Change Component Designator: OldDesignator=C53 NewDesignator=C52
Change Component Designator: OldDesignator=C54 NewDesignator=C53
Change Component Designator: OldDesignator=C55 NewDesignator=C54
Change Component Designator: OldDesignator=C56 NewDesignator=C55
Change Component Designator: OldDesignator=C57 NewDesignator=C56
Change Component Designator: OldDesignator=C58 NewDesignator=C57
Change Component Designator: OldDesignator=C59 NewDesignator=C58
Change Component Designator: OldDesignator=C60 NewDesignator=C59
Change Component Designator: OldDesignator=E2 NewDesignator=E3
Change Component Designator: OldDesignator=R9 NewDesignator=R10
Change Component Designator: OldDesignator=R10 NewDesignator=R9
Added Component: Designator=E2(CM B(4*5.4))
Add component (AddParameter): Name = "BOM名称"; Value = "贴片电解电容"; VariantName = "[No Variations]"
Add component (AddParameter): Name = "学习资源"; Value = "www.ooocke.com"; VariantName = "[No Variations]"
Add component (AddParameter): Name = "版权归属"; Value = "源创客"; VariantName = "[No Variations]"
Added Pin To Net: NetName=Vplc Pin=E2-1
Added Pin To Net: NetName=DGND Pin=E2-2
Added Pin To Net: NetName=+5 Pin=E7-1
Added Pin To Net: NetName=DGND Pin=E7-2
Added Pin To Net: NetName=FPGA_TCK Pin=JP3-1
Added Pin To Net: NetName=FPGA_TDO Pin=JP3-2
Added Pin To Net: NetName=FPGA_TDI Pin=JP3-3
Added Pin To Net: NetName=FPGA_TMS Pin=JP3-4
Added Pin To Net: NetName=T17 Pin=JP9-3
Added Pin To Net: NetName=R18 Pin=JP9-5
Added Pin To Net: NetName=P15 Pin=JP9-6
Added Pin To Net: NetName=P16 Pin=JP9-7
Added Pin To Net: NetName=T14 Pin=JP9-8
Added Pin To Net: NetName=T15 Pin=JP9-9
Added Pin To Net: NetName=U13 Pin=JP9-12
Added Pin To Net: NetName=M18 Pin=JP9-13
Added Pin To Net: NetName=M17 Pin=JP9-14
Added Pin To Net: NetName=R14 Pin=JP9-16
Added Pin To Net: NetName=P14 Pin=JP9-17
Added Pin To Net: NetName=U12 Pin=JP9-18
Added Pin To Net: NetName=T12 Pin=JP9-19
Added Pin To Net: NetName=H17 Pin=JP9-20
Added Pin To Net: NetName=H16 Pin=JP9-21
Added Pin To Net: NetName=V13 Pin=JP9-22
Added Pin To Net: NetName=T17 Pin=R65-2
Added Pin To Net: NetName=R18 Pin=R66-2
Change Net Name : Old Net Name=NetC6_1 New Net Name=NetC5_1
Change Net Name : Old Net Name=NetC7_1 New Net Name=NetC6_1
Change Net Name : Old Net Name=NetC7_2 New Net Name=NetC6_2
Change Net Name : Old Net Name=NetC9_1 New Net Name=NetC8_1
Change Net Name : Old Net Name=NetC9_2 New Net Name=NetC8_2
Change Net Name : Old Net Name=NetC10_1 New Net Name=NetC9_1
Change Net Name : Old Net Name=NetC11_2 New Net Name=NetC10_2
Change Net Name : Old Net Name=NetC12_1 New Net Name=NetC11_1
Change Net Name : Old Net Name=NetC12_2 New Net Name=NetC11_2
Change Net Name : Old Net Name=NetC14_1 New Net Name=NetC13_1
Change Net Name : Old Net Name=NetC36_2 New Net Name=NetC35_2
Change Net Name : Old Net Name=NetC37_2 New Net Name=NetC36_2
Change Net Name : Old Net Name=NetC38_2 New Net Name=NetC37_2
Change Net Name : Old Net Name=NetC50_1 New Net Name=NetC49_1
Change Net Name : Old Net Name=NetC58_2 New Net Name=NetC57_2
Added Room: Name=OurEDA-P1K_cam
Added Room: Name=OurEDA-P1K_Network
Added Room: Name=OurEDA-P1K_PowerManagement
Added Room: Name=OurEDA-P1K_sensor
Added Room: Name=OurEDA-P1K_usb
Added Room: Name=OurEDA-P1K_zynq
