Removed Pin From Net: NetName=DGND Pin=C4-1
Removed Pin From Net: NetName=Vplc Pin=C4-2
Removed Pin From Net: NetName=DGND Pin=C5-1
Removed Pin From Net: NetName=Vplc Pin=C5-2
Removed Pin From Net: NetName=DGND Pin=C36-2
Removed Pin From Net: NetName=DGND Pin=C37-2
Removed Pin From Net: NetName=+5 Pin=JP3-1
Removed Pin From Net: NetName=DGND Pin=JP3-2
Removed Pin From Net: NetName=QSPI_D3 Pin=R54-2
Removed Pin From Net: NetName=QSPI_D2 Pin=R56-2
Removed Pin From Net: NetName=NetC38_2 Pin=R58-1
Removed Pin From Net: NetName=NetC38_2 Pin=R59-1
Removed Pin From Net: NetName=MDI0_N Pin=U2-1
Removed Pin From Net: NetName=MDI0_P Pin=U2-3
Removed Pin From Net: NetName=MDI1_N Pin=U2-6
Removed Pin From Net: NetName=MDI1_P Pin=U2-8
Removed Pin From Net: NetName=ETH_Rx_P Pin=U2-9
Removed Pin From Net: NetName=ETH_Rx_N Pin=U2-11
Removed Pin From Net: NetName=ETH_Tx_P Pin=U2-14
Removed Pin From Net: NetName=ETH_Tx_N Pin=U2-16
Removed Member From Class: ClassName=OurEDA-P1K_PowerManagement Member=JP3
Removed Member From Class: ClassName=OurEDA-P1K_usb Member=R24
Removed Member From Class: ClassName=OurEDA-P1K_Network Member=R50
Removed Member From Class: ClassName=OurEDA-P1K_zynq Member=R61
Removed Member From Class: ClassName=OurEDA-P1K_sensor Member=R65
Removed Member From Class: ClassName=OurEDA-P1K_cam Member=R69
Change Component Footprint: Designator=C4 Old Footprint=0603_C New Footprint=C 0603_L
Change Component Footprint: Designator=C5 Old Footprint=0603_C New Footprint=C 0603_L
Change Component Footprint: Designator=R70 Old Footprint=R 0805_L New Footprint=R 0603_L
Change Component Footprint: Designator=R71 Old Footprint=R 0805_L New Footprint=R 0603_L
Change Component Footprint: Designator=R72 Old Footprint=R 0805_L New Footprint=R 0603_L
Change Component Footprint: Designator=R73 Old Footprint=R 0805_L New Footprint=R 0603_L
Change Component Footprint: Designator=R74 Old Footprint=R 0805_L New Footprint=R 0603_L
Change Component Footprint: Designator=R75 Old Footprint=R 0805_L New Footprint=R 0603_L
Change Component Footprint: Designator=R76 Old Footprint=R 0805_L New Footprint=R 0603_L
Change Component Footprint: Designator=R77 Old Footprint=R 0805_L New Footprint=R 0603_L
Change Component Footprint: Designator=R78 Old Footprint=R 0805_L New Footprint=R 0603_L
Change Component Footprint: Designator=R79 Old Footprint=R 0805_L New Footprint=R 0603_L
Change Component Footprint: Designator=R80 Old Footprint=R 0805_L New Footprint=R 0603_L
Change Component Footprint: Designator=R81 Old Footprint=R 0805_L New Footprint=R 0603_L
Change Component Footprint: Designator=R82 Old Footprint=R 0805_L New Footprint=R 0603_L
Change Component Footprint: Designator=R83 Old Footprint=R 0805_L New Footprint=R 0603_L
Change Component Footprint: Designator=R84 Old Footprint=R 0805_L New Footprint=R 0603_L
Change Component Footprint: Designator=R85 Old Footprint=R 0805_L New Footprint=R 0603_L
Change Component Footprint: Designator=R86 Old Footprint=R 0805_L New Footprint=R 0603_L
Change Component Footprint: Designator=R87 Old Footprint=R 0805_L New Footprint=R 0603_L
Change Component Footprint: Designator=R88 Old Footprint=R 0805_L New Footprint=R 0603_L
Change Component Comment : Designator=C4 Old Comment=12pF (120) 5% 50V New Comment=100nF
Change Component Comment : Designator=C5 Old Comment=100nF New Comment=12pF
Change Component Designator: OldDesignator=JP1 NewDesignator=JP2
Change Component Designator: OldDesignator=JP2 NewDesignator=JP1
Change Component Designator: OldDesignator=JP4 NewDesignator=JP3
Change Component Designator: OldDesignator=JP5 NewDesignator=JP4
Change Component Designator: OldDesignator=JP6 NewDesignator=JP5
Change Component Designator: OldDesignator=JP7 NewDesignator=JP6
Change Component Designator: OldDesignator=JP8 NewDesignator=JP7
Change Component Designator: OldDesignator=JP9 NewDesignator=JP8
Change Component Designator: OldDesignator=JP10 NewDesignator=JP9
Change Component Designator: OldDesignator=R9 NewDesignator=R10
Change Component Designator: OldDesignator=R10 NewDesignator=R9
Change component parameters: Designator = "C4" ("C4"); Footprint = "0603_C"; UniqueID = "\ZQZIHIWF" ("\ZQZIHIWF")
Change component parameters (AddParameter): Name = "BOM名称"; Value = "无极性贴片电容"; VariantName = "[No Variations]"
Change component parameters (AddParameter): Name = "学习资源"; Value = "www.ooocke.com"; VariantName = "[No Variations]"
Change component parameters (AddParameter): Name = "版权归属"; Value = "源创客"; VariantName = "[No Variations]"
Change component parameters: Designator = "C5" ("C5"); Footprint = "0603_C"; UniqueID = "\UUDLLGHG" ("\UUDLLGHG")
Change component parameters (AddParameter): Name = "BOM名称"; Value = "无极性贴片电容"; VariantName = "[No Variations]"
Change component parameters (AddParameter): Name = "学习资源"; Value = "www.ooocke.com"; VariantName = "[No Variations]"
Change component parameters (AddParameter): Name = "版权归属"; Value = "源创客"; VariantName = "[No Variations]"
Added Pin To Net: NetName=Vplc Pin=C4-1
Added Pin To Net: NetName=DGND Pin=C4-2
Added Pin To Net: NetName=Vplc Pin=C5-1
Added Pin To Net: NetName=DGND Pin=C5-2
Added Pin To Net: NetName=DGND Pin=C36-1
Added Pin To Net: NetName=DGND Pin=C37-1
Added Pin To Net: NetName=QSPI_D2 Pin=R54-2
Added Pin To Net: NetName=QSPI_D3 Pin=R56-2
Added Pin To Net: NetName=NetC38_2 Pin=R58-2
Added Pin To Net: NetName=NetC38_2 Pin=R59-2
Added Pin To Net: NetName=ETH_Tx_N Pin=U2-1
Added Pin To Net: NetName=ETH_Tx_P Pin=U2-3
Added Pin To Net: NetName=ETH_Rx_N Pin=U2-6
Added Pin To Net: NetName=ETH_Rx_P Pin=U2-8
Added Pin To Net: NetName=MDI1_P Pin=U2-9
Added Pin To Net: NetName=MDI1_N Pin=U2-11
Added Pin To Net: NetName=MDI0_P Pin=U2-14
Added Pin To Net: NetName=MDI0_N Pin=U2-16
Change Net Name : Old Net Name=NetJP10_23 New Net Name=NetJP9_23
Change Net Name : Old Net Name=NetJP10_24 New Net Name=NetJP9_24
Added Pin To Net: NetName=NetC36_2 Pin=C36-2
Added Pin To Net: NetName=NetC36_2 Pin=U2-15
Added Net: Name=NetC36_2
Added Pin To Net: NetName=NetC37_2 Pin=C37-2
Added Pin To Net: NetName=NetC37_2 Pin=U2-10
Added Net: Name=NetC37_2
Added Pin To Net: NetName=NetR58_1 Pin=R58-1
Added Pin To Net: NetName=NetR58_1 Pin=U2-2
Added Net: Name=NetR58_1
Added Pin To Net: NetName=NetR59_1 Pin=R59-1
Added Pin To Net: NetName=NetR59_1 Pin=U2-7
Added Net: Name=NetR59_1
Added Member To Class: ClassName=OurEDA-P1K_PowerManagement Member=Component E5 10uF/50V
Added Member To Class: ClassName=OurEDA-P1K_PowerManagement Member=Component E6 10uF/50V
Added Member To Class: ClassName=OurEDA-P1K_Network Member=Component R23 10K
Added Member To Class: ClassName=OurEDA-P1K_Network Member=Component R25 4.7k
Added Member To Class: ClassName=OurEDA-P1K_Network Member=Component R27 0R
Added Member To Class: ClassName=OurEDA-P1K_Network Member=Component R29 330Ω
Added Member To Class: ClassName=OurEDA-P1K_Network Member=Component R30 330Ω
Added Member To Class: ClassName=OurEDA-P1K_Network Member=Component R32 4.7K
Added Member To Class: ClassName=OurEDA-P1K_Network Member=Component R34 22Ω
Added Member To Class: ClassName=OurEDA-P1K_Network Member=Component R36 0Ω
Added Member To Class: ClassName=OurEDA-P1K_Network Member=Component R37 4.7k
Added Member To Class: ClassName=OurEDA-P1K_Network Member=Component R38 4.7k
Added Member To Class: ClassName=OurEDA-P1K_Network Member=Component R40 0Ω
Added Member To Class: ClassName=OurEDA-P1K_Network Member=Component R41 22R
Added Member To Class: ClassName=OurEDA-P1K_Network Member=Component R42 0Ω
Added Member To Class: ClassName=OurEDA-P1K_Network Member=Component R44 0Ω
Added Member To Class: ClassName=OurEDA-P1K_Network Member=Component R45 22R
Added Member To Class: ClassName=OurEDA-P1K_Network Member=Component R46 0Ω
Added Member To Class: ClassName=OurEDA-P1K_Network Member=Component R47 22R
Added Member To Class: ClassName=OurEDA-P1K_zynq Member=Component R49 10K
Added Member To Class: ClassName=OurEDA-P1K_zynq Member=Component R51 10K
Added Member To Class: ClassName=OurEDA-P1K_zynq Member=Component R52 10K
Added Member To Class: ClassName=OurEDA-P1K_zynq Member=Component R53 10K
Added Member To Class: ClassName=OurEDA-P1K_zynq Member=Component R55 2.2K
Added Member To Class: ClassName=OurEDA-P1K_zynq Member=Component R57 20K
Added Member To Class: ClassName=OurEDA-P1K_sensor Member=Component R58 75R
Added Member To Class: ClassName=OurEDA-P1K_sensor Member=Component R59 75R
Added Member To Class: ClassName=OurEDA-P1K_sensor Member=Component R60 100Ω
Added Member To Class: ClassName=OurEDA-P1K_sensor Member=Component R62 4.7k
Added Member To Class: ClassName=OurEDA-P1K_sensor Member=Component R63 4.7K
Added Member To Class: ClassName=OurEDA-P1K_sensor Member=Component R64 4.7K
Added Member To Class: ClassName=OurEDA-P1K_cam Member=Component R66 4.7K
Added Member To Class: ClassName=OurEDA-P1K_cam Member=Component R67 0R
Added Member To Class: ClassName=OurEDA-P1K_cam Member=Component R68 0R
Added Member To Class: ClassName=OurEDA-P1K_usb Member=Component R70 0R
Added Member To Class: ClassName=OurEDA-P1K_usb Member=Component R71 0R
Added Member To Class: ClassName=OurEDA-P1K_usb Member=Component R72 0R
Added Member To Class: ClassName=OurEDA-P1K_usb Member=Component R73 0R
Added Member To Class: ClassName=OurEDA-P1K_usb Member=Component R75 0R
Added Member To Class: ClassName=OurEDA-P1K_usb Member=Component R76 0R
Added Member To Class: ClassName=OurEDA-P1K_usb Member=Component R77 0R
Added Member To Class: ClassName=OurEDA-P1K_usb Member=Component R79 0R
Added Member To Class: ClassName=OurEDA-P1K_usb Member=Component R81 0R
Added Member To Class: ClassName=OurEDA-P1K_usb Member=Component R83 10K
Added Member To Class: ClassName=OurEDA-P1K_usb Member=Component R84 0R
Added Member To Class: ClassName=OurEDA-P1K_usb Member=Component R86 8.06K
Added Member To Class: ClassName=OurEDA-P1K_usb Member=Component R87 1K
Added Member To Class: ClassName=OurEDA-P1K_usb Member=Component R88 4.7K
Added Room: Name=OurEDA-P1K_cam
Added Room: Name=OurEDA-P1K_Network
Added Room: Name=OurEDA-P1K_PowerManagement
Added Room: Name=OurEDA-P1K_sensor
Added Room: Name=OurEDA-P1K_usb
Added Room: Name=OurEDA-P1K_zynq
